[debug] [2020-09-02T13:07:17.673Z] ----------------------------------------------------------------------
[debug] [2020-09-02T13:07:17.675Z] Command:       C:\Program Files\nodejs\node.exe C:\Users\Administrator\AppData\Roaming\npm\node_modules\firebase-tools\lib\bin\firebase.js serve
[debug] [2020-09-02T13:07:17.675Z] CLI Version:   8.9.2
[debug] [2020-09-02T13:07:17.675Z] Platform:      win32
[debug] [2020-09-02T13:07:17.675Z] Node Version:  v14.9.0
[debug] [2020-09-02T13:07:17.676Z] Time:          Wed Sep 02 2020 15:07:17 GMT+0200 (توقيت شرق أوروبا الرسمي)
[debug] [2020-09-02T13:07:17.676Z] ----------------------------------------------------------------------
[debug] [2020-09-02T13:07:17.677Z] 
[debug] [2020-09-02T13:07:17.683Z] > command requires scopes: ["email","openid","https://www.googleapis.com/auth/cloudplatformprojects.readonly","https://www.googleapis.com/auth/firebase","https://www.googleapis.com/auth/cloud-platform"]
[debug] [2020-09-02T13:07:17.684Z] > authorizing via signed-in user
[debug] [2020-09-02T13:07:17.684Z] [iam] checking project angulartestssr for permissions ["firebase.projects.get"]
[debug] [2020-09-02T13:07:17.686Z] >>> HTTP REQUEST POST https://cloudresourcemanager.googleapis.com/v1/projects/angulartestssr:testIamPermissions  
 {"permissions":["firebase.projects.get"]}
[debug] [2020-09-02T13:07:18.608Z] <<< HTTP RESPONSE 200 {"content-type":"application/json; charset=UTF-8","vary":"X-Origin, Referer, Origin,Accept-Encoding","date":"Wed, 02 Sep 2020 13:03:45 GMT","server":"ESF","cache-control":"private","x-xss-protection":"0","x-frame-options":"SAMEORIGIN","x-content-type-options":"nosniff","server-timing":"gfet4t7; dur=624","alt-svc":"h3-29=\":443\"; ma=2592000,h3-27=\":443\"; ma=2592000,h3-T051=\":443\"; ma=2592000,h3-T050=\":443\"; ma=2592000,h3-Q050=\":443\"; ma=2592000,h3-Q046=\":443\"; ma=2592000,h3-Q043=\":443\"; ma=2592000,quic=\":443\"; ma=2592000; v=\"46,43\"","accept-ranges":"none","transfer-encoding":"chunked"}
[debug] [2020-09-02T13:07:18.609Z] >>> HTTP REQUEST GET https://firebase.googleapis.com/v1beta1/projects/angulartestssr  
 
[debug] [2020-09-02T13:07:19.127Z] <<< HTTP RESPONSE 200 {"content-type":"application/json; charset=UTF-8","vary":"X-Origin, Referer, Origin,Accept-Encoding","date":"Wed, 02 Sep 2020 13:03:46 GMT","server":"ESF","cache-control":"private","x-xss-protection":"0","x-frame-options":"SAMEORIGIN","x-content-type-options":"nosniff","alt-svc":"h3-29=\":443\"; ma=2592000,h3-27=\":443\"; ma=2592000,h3-T051=\":443\"; ma=2592000,h3-T050=\":443\"; ma=2592000,h3-Q050=\":443\"; ma=2592000,h3-Q046=\":443\"; ma=2592000,h3-Q043=\":443\"; ma=2592000,quic=\":443\"; ma=2592000; v=\"46,43\"","accept-ranges":"none","transfer-encoding":"chunked"}
[info] 
[info] === Serving from 'D:\POC\AngularSSR\AngularSSR'...
[info] 
[debug] [2020-09-02T13:07:19.131Z] >>> HTTP REQUEST GET https://firebase.googleapis.com/v1beta1/projects/angulartestssr/webApps/-/config  
 
[warn] !  Your requested "node" version "10" doesn't match your global version "14" {"metadata":{"emulator":{"name":"functions"},"message":"Your requested \"node\" version \"10\" doesn't match your global version \"14\""}}
[debug] [2020-09-02T13:07:19.153Z] defaultcredentials: writing to file C:\Users\Administrator\AppData\Roaming\firebase\ahmedhssan89_gmail_com_application_default_credentials.json
[debug] [2020-09-02T13:07:19.154Z] Setting GAC to C:\Users\Administrator\AppData\Roaming\firebase\ahmedhssan89_gmail_com_application_default_credentials.json {"metadata":{"emulator":{"name":"functions"},"message":"Setting GAC to C:\\Users\\Administrator\\AppData\\Roaming\\firebase\\ahmedhssan89_gmail_com_application_default_credentials.json"}}
[debug] [2020-09-02T13:07:20.000Z] <<< HTTP RESPONSE 200 {"content-type":"application/json; charset=UTF-8","vary":"X-Origin, Referer, Origin,Accept-Encoding","date":"Wed, 02 Sep 2020 13:03:47 GMT","server":"ESF","cache-control":"private","x-xss-protection":"0","x-frame-options":"SAMEORIGIN","x-content-type-options":"nosniff","alt-svc":"h3-29=\":443\"; ma=2592000,h3-27=\":443\"; ma=2592000,h3-T051=\":443\"; ma=2592000,h3-T050=\":443\"; ma=2592000,h3-Q050=\":443\"; ma=2592000,h3-Q046=\":443\"; ma=2592000,h3-Q043=\":443\"; ma=2592000,quic=\":443\"; ma=2592000; v=\"46,43\"","accept-ranges":"none","transfer-encoding":"chunked"}
[info] i  functions: Watching "D:\POC\AngularSSR\AngularSSR\functions" for Cloud Functions... {"metadata":{"emulator":{"name":"functions"},"message":"Watching \"D:\\POC\\AngularSSR\\AngularSSR\\functions\" for Cloud Functions..."}}
[debug] [2020-09-02T13:07:20.068Z] [worker-pool] addWorker(~diagnostic~) {"metadata":{"emulator":{"name":"functions"},"message":"[worker-pool] addWorker(~diagnostic~)"}}
[debug] [2020-09-02T13:07:20.069Z] [worker-pool] Adding worker with key ~diagnostic~, total=1 {"metadata":{"emulator":{"name":"functions"},"message":"[worker-pool] Adding worker with key ~diagnostic~, total=1"}}
[debug] [2020-09-02T13:07:20.069Z] [worker-pool] submitWork(triggerId=) {"metadata":{"emulator":{"name":"functions"},"message":"[worker-pool] submitWork(triggerId=)"}}
[debug] [2020-09-02T13:07:20.069Z] [worker-~diagnostic~-9c02eb0f-3ade-4cc0-be0b-095b7bad24b1]: Assigning socketPath: \\?\pipe\D:\POC\AngularSSR\AngularSSR\functions\13708 {"metadata":{"emulator":{"name":"functions"},"message":"[worker-~diagnostic~-9c02eb0f-3ade-4cc0-be0b-095b7bad24b1]: Assigning socketPath: \\\\?\\pipe\\D:\\POC\\AngularSSR\\AngularSSR\\functions\\13708"}}
[debug] [2020-09-02T13:07:20.070Z] [worker-~diagnostic~-9c02eb0f-3ade-4cc0-be0b-095b7bad24b1]: BUSY {"metadata":{"emulator":{"name":"functions"},"message":"[worker-~diagnostic~-9c02eb0f-3ade-4cc0-be0b-095b7bad24b1]: BUSY"}}
[info] i  hosting: Serving hosting files from: dist/AngularSSR/browser {"metadata":{"emulator":{"name":"hosting"},"message":"Serving hosting files from: \u001b[1mdist/AngularSSR/browser\u001b[22m"}}
[info] +  hosting: Local server: http://localhost:5000 {"metadata":{"emulator":{"name":"hosting"},"message":"Local server: \u001b[4m\u001b[1mhttp://localhost:5000\u001b[22m\u001b[24m"}}
[debug] [2020-09-02T13:07:20.454Z] [runtime-status] [13708] Functions runtime initialized. {"cwd":"D:\\POC\\AngularSSR\\AngularSSR\\functions","node_version":"14.9.0"} {"metadata":{"emulator":{"name":"functions"},"message":"[runtime-status] [13708] Functions runtime initialized. {\"cwd\":\"D:\\\\POC\\\\AngularSSR\\\\AngularSSR\\\\functions\",\"node_version\":\"14.9.0\"}"}}
[debug] [2020-09-02T13:07:20.455Z] [runtime-status] [13708] Disabled runtime features: undefined {"metadata":{"emulator":{"name":"functions"},"message":"[runtime-status] [13708] Disabled runtime features: undefined"}}
[debug] [2020-09-02T13:07:20.458Z] [runtime-status] [13708] Resolved module firebase-admin {"declared":true,"installed":true,"version":"8.13.0","resolution":"D:\\POC\\AngularSSR\\AngularSSR\\functions\\node_modules\\firebase-admin\\lib\\index.js"} {"metadata":{"emulator":{"name":"functions"},"message":"[runtime-status] [13708] Resolved module firebase-admin {\"declared\":true,\"installed\":true,\"version\":\"8.13.0\",\"resolution\":\"D:\\\\POC\\\\AngularSSR\\\\AngularSSR\\\\functions\\\\node_modules\\\\firebase-admin\\\\lib\\\\index.js\"}"}}
[debug] [2020-09-02T13:07:20.459Z] [runtime-status] [13708] Resolved module firebase-functions {"declared":true,"installed":true,"version":"3.11.0","resolution":"D:\\POC\\AngularSSR\\AngularSSR\\functions\\node_modules\\firebase-functions\\lib\\index.js"} {"metadata":{"emulator":{"name":"functions"},"message":"[runtime-status] [13708] Resolved module firebase-functions {\"declared\":true,\"installed\":true,\"version\":\"3.11.0\",\"resolution\":\"D:\\\\POC\\\\AngularSSR\\\\AngularSSR\\\\functions\\\\node_modules\\\\firebase-functions\\\\lib\\\\index.js\"}"}}
[debug] [2020-09-02T13:07:20.461Z] [runtime-status] [13708] Resolved module firebase-functions {"declared":true,"installed":true,"version":"3.11.0","resolution":"D:\\POC\\AngularSSR\\AngularSSR\\functions\\node_modules\\firebase-functions\\lib\\index.js"} {"metadata":{"emulator":{"name":"functions"},"message":"[runtime-status] [13708] Resolved module firebase-functions {\"declared\":true,\"installed\":true,\"version\":\"3.11.0\",\"resolution\":\"D:\\\\POC\\\\AngularSSR\\\\AngularSSR\\\\functions\\\\node_modules\\\\firebase-functions\\\\lib\\\\index.js\"}"}}
[debug] [2020-09-02T13:07:20.462Z] [runtime-status] [13708] Outgoing network have been stubbed. [{"name":"http","status":"mocked"},{"name":"http","status":"mocked"},{"name":"https","status":"mocked"},{"name":"https","status":"mocked"},{"name":"net","status":"mocked"}] {"metadata":{"emulator":{"name":"functions"},"message":"[runtime-status] [13708] Outgoing network have been stubbed. [{\"name\":\"http\",\"status\":\"mocked\"},{\"name\":\"http\",\"status\":\"mocked\"},{\"name\":\"https\",\"status\":\"mocked\"},{\"name\":\"https\",\"status\":\"mocked\"},{\"name\":\"net\",\"status\":\"mocked\"}]"}}
[debug] [2020-09-02T13:07:20.463Z] [runtime-status] [13708] Resolved module firebase-functions {"declared":true,"installed":true,"version":"3.11.0","resolution":"D:\\POC\\AngularSSR\\AngularSSR\\functions\\node_modules\\firebase-functions\\lib\\index.js"} {"metadata":{"emulator":{"name":"functions"},"message":"[runtime-status] [13708] Resolved module firebase-functions {\"declared\":true,\"installed\":true,\"version\":\"3.11.0\",\"resolution\":\"D:\\\\POC\\\\AngularSSR\\\\AngularSSR\\\\functions\\\\node_modules\\\\firebase-functions\\\\lib\\\\index.js\"}"}}
[debug] [2020-09-02T13:07:20.714Z] [runtime-status] [13708] Checked functions.config() {"config":{}} {"metadata":{"emulator":{"name":"functions"},"message":"[runtime-status] [13708] Checked functions.config() {\"config\":{}}"}}
[debug] [2020-09-02T13:07:20.714Z] [runtime-status] [13708] firebase-functions has been stubbed. {"functionsResolution":{"declared":true,"installed":true,"version":"3.11.0","resolution":"D:\\POC\\AngularSSR\\AngularSSR\\functions\\node_modules\\firebase-functions\\lib\\index.js"}} {"metadata":{"emulator":{"name":"functions"},"message":"[runtime-status] [13708] firebase-functions has been stubbed. {\"functionsResolution\":{\"declared\":true,\"installed\":true,\"version\":\"3.11.0\",\"resolution\":\"D:\\\\POC\\\\AngularSSR\\\\AngularSSR\\\\functions\\\\node_modules\\\\firebase-functions\\\\lib\\\\index.js\"}}"}}
[debug] [2020-09-02T13:07:20.715Z] [runtime-status] [13708] Resolved module firebase-functions {"declared":true,"installed":true,"version":"3.11.0","resolution":"D:\\POC\\AngularSSR\\AngularSSR\\functions\\node_modules\\firebase-functions\\lib\\index.js"} {"metadata":{"emulator":{"name":"functions"},"message":"[runtime-status] [13708] Resolved module firebase-functions {\"declared\":true,\"installed\":true,\"version\":\"3.11.0\",\"resolution\":\"D:\\\\POC\\\\AngularSSR\\\\AngularSSR\\\\functions\\\\node_modules\\\\firebase-functions\\\\lib\\\\index.js\"}"}}
[debug] [2020-09-02T13:07:20.716Z] [runtime-status] [13708] Resolved module firebase-admin {"declared":true,"installed":true,"version":"8.13.0","resolution":"D:\\POC\\AngularSSR\\AngularSSR\\functions\\node_modules\\firebase-admin\\lib\\index.js"} {"metadata":{"emulator":{"name":"functions"},"message":"[runtime-status] [13708] Resolved module firebase-admin {\"declared\":true,\"installed\":true,\"version\":\"8.13.0\",\"resolution\":\"D:\\\\POC\\\\AngularSSR\\\\AngularSSR\\\\functions\\\\node_modules\\\\firebase-admin\\\\lib\\\\index.js\"}"}}
[debug] [2020-09-02T13:07:20.716Z] [runtime-status] [13708] Resolved module firebase-functions {"declared":true,"installed":true,"version":"3.11.0","resolution":"D:\\POC\\AngularSSR\\AngularSSR\\functions\\node_modules\\firebase-functions\\lib\\index.js"} {"metadata":{"emulator":{"name":"functions"},"message":"[runtime-status] [13708] Resolved module firebase-functions {\"declared\":true,\"installed\":true,\"version\":\"3.11.0\",\"resolution\":\"D:\\\\POC\\\\AngularSSR\\\\AngularSSR\\\\functions\\\\node_modules\\\\firebase-functions\\\\lib\\\\index.js\"}"}}
[debug] [2020-09-02T13:07:20.716Z] [runtime-status] [13708] firebase-admin has been stubbed. {"adminResolution":{"declared":true,"installed":true,"version":"8.13.0","resolution":"D:\\POC\\AngularSSR\\AngularSSR\\functions\\node_modules\\firebase-admin\\lib\\index.js"}} {"metadata":{"emulator":{"name":"functions"},"message":"[runtime-status] [13708] firebase-admin has been stubbed. {\"adminResolution\":{\"declared\":true,\"installed\":true,\"version\":\"8.13.0\",\"resolution\":\"D:\\\\POC\\\\AngularSSR\\\\AngularSSR\\\\functions\\\\node_modules\\\\firebase-admin\\\\lib\\\\index.js\"}}"}}
[warn] !  Error: Cannot find module 'D:\POC\AngularSSR\AngularSSR\functions/dist/AngularSSR/server'
Require stack:
- D:\POC\AngularSSR\AngularSSR\functions\lib\index.js
- C:\Users\Administrator\AppData\Roaming\npm\node_modules\firebase-tools\lib\emulator\functionsEmulatorRuntime.js
    at Function.Module._resolveFilename (internal/modules/cjs/loader.js:892:15)
    at Function.Module._load (internal/modules/cjs/loader.js:742:27)
    at Module.require (internal/modules/cjs/loader.js:964:19)
    at require (internal/modules/cjs/helpers.js:88:18)
    at Object.<anonymous> (D:\POC\AngularSSR\AngularSSR\functions\lib\index.js:13:19)
    at Module._compile (internal/modules/cjs/loader.js:1075:30)
    at Object.Module._extensions..js (internal/modules/cjs/loader.js:1096:10)
    at Module.load (internal/modules/cjs/loader.js:940:32)
    at Function.Module._load (internal/modules/cjs/loader.js:781:14)
    at Module.require (internal/modules/cjs/loader.js:964:19) {"metadata":{"emulator":{"name":"functions"},"message":"Error: Cannot find module 'D:\\POC\\AngularSSR\\AngularSSR\\functions/dist/AngularSSR/server'\nRequire stack:\n- D:\\POC\\AngularSSR\\AngularSSR\\functions\\lib\\index.js\n- C:\\Users\\Administrator\\AppData\\Roaming\\npm\\node_modules\\firebase-tools\\lib\\emulator\\functionsEmulatorRuntime.js\n    at Function.Module._resolveFilename (internal/modules/cjs/loader.js:892:15)\n    at Function.Module._load (internal/modules/cjs/loader.js:742:27)\n    at Module.require (internal/modules/cjs/loader.js:964:19)\n    at require (internal/modules/cjs/helpers.js:88:18)\n    at Object.<anonymous> (D:\\POC\\AngularSSR\\AngularSSR\\functions\\lib\\index.js:13:19)\n    at Module._compile (internal/modules/cjs/loader.js:1075:30)\n    at Object.Module._extensions..js (internal/modules/cjs/loader.js:1096:10)\n    at Module.load (internal/modules/cjs/loader.js:940:32)\n    at Function.Module._load (internal/modules/cjs/loader.js:781:14)\n    at Module.require (internal/modules/cjs/loader.js:964:19)"}}
[warn] !  We were unable to load your functions code. (see above)
   - It appears your code is written in Typescript, which must be compiled before emulation.
   - You may be able to run "npm run build" in your functions directory to resolve this. {"metadata":{"emulator":{"name":"functions"}}}
[debug] [2020-09-02T13:07:20.749Z] [worker-~diagnostic~-9c02eb0f-3ade-4cc0-be0b-095b7bad24b1]: exited {"metadata":{"emulator":{"name":"functions"},"message":"[worker-~diagnostic~-9c02eb0f-3ade-4cc0-be0b-095b7bad24b1]: exited"}}
[debug] [2020-09-02T13:07:20.749Z] [worker-~diagnostic~-9c02eb0f-3ade-4cc0-be0b-095b7bad24b1]: FINISHED {"metadata":{"emulator":{"name":"functions"},"message":"[worker-~diagnostic~-9c02eb0f-3ade-4cc0-be0b-095b7bad24b1]: FINISHED"}}
[info] i  hosting: 127.0.0.1 - - [02/Sep/2020:13:07:26 +0000] "GET / HTTP/1.1" 200 540 "-" "Mozilla/5.0 (Windows NT 10.0; Win64; x64) AppleWebKit/537.36 (KHTML, like Gecko) Chrome/84.0.4147.135 Safari/537.36" {"metadata":{"emulator":{"name":"hosting"},"message":"127.0.0.1 - - [02/Sep/2020:13:07:26 +0000] \"GET / HTTP/1.1\" 200 540 \"-\" \"Mozilla/5.0 (Windows NT 10.0; Win64; x64) AppleWebKit/537.36 (KHTML, like Gecko) Chrome/84.0.4147.135 Safari/537.36\""}}
[info] i  hosting: 127.0.0.1 - - [02/Sep/2020:13:07:26 +0000] "GET /runtime.e227d1a0e31cbccbf8ec.js HTTP/1.1" 200 1485 "http://localhost:5000/" "Mozilla/5.0 (Windows NT 10.0; Win64; x64) AppleWebKit/537.36 (KHTML, like Gecko) Chrome/84.0.4147.135 Safari/537.36" {"metadata":{"emulator":{"name":"hosting"},"message":"127.0.0.1 - - [02/Sep/2020:13:07:26 +0000] \"GET /runtime.e227d1a0e31cbccbf8ec.js HTTP/1.1\" 200 1485 \"http://localhost:5000/\" \"Mozilla/5.0 (Windows NT 10.0; Win64; x64) AppleWebKit/537.36 (KHTML, like Gecko) Chrome/84.0.4147.135 Safari/537.36\""}}
[info] i  hosting: 127.0.0.1 - - [02/Sep/2020:13:07:26 +0000] "GET /styles.09e2c710755c8867a460.css HTTP/1.1" 200 - "http://localhost:5000/" "Mozilla/5.0 (Windows NT 10.0; Win64; x64) AppleWebKit/537.36 (KHTML, like Gecko) Chrome/84.0.4147.135 Safari/537.36" {"metadata":{"emulator":{"name":"hosting"},"message":"127.0.0.1 - - [02/Sep/2020:13:07:26 +0000] \"GET /styles.09e2c710755c8867a460.css HTTP/1.1\" 200 - \"http://localhost:5000/\" \"Mozilla/5.0 (Windows NT 10.0; Win64; x64) AppleWebKit/537.36 (KHTML, like Gecko) Chrome/84.0.4147.135 Safari/537.36\""}}
[info] i  hosting: 127.0.0.1 - - [02/Sep/2020:13:07:26 +0000] "GET /polyfills.a4021de53358bb0fec14.js HTTP/1.1" 200 36993 "http://localhost:5000/" "Mozilla/5.0 (Windows NT 10.0; Win64; x64) AppleWebKit/537.36 (KHTML, like Gecko) Chrome/84.0.4147.135 Safari/537.36" {"metadata":{"emulator":{"name":"hosting"},"message":"127.0.0.1 - - [02/Sep/2020:13:07:26 +0000] \"GET /polyfills.a4021de53358bb0fec14.js HTTP/1.1\" 200 36993 \"http://localhost:5000/\" \"Mozilla/5.0 (Windows NT 10.0; Win64; x64) AppleWebKit/537.36 (KHTML, like Gecko) Chrome/84.0.4147.135 Safari/537.36\""}}
[info] i  hosting: 127.0.0.1 - - [02/Sep/2020:13:07:26 +0000] "GET /main.c7b0edd66e03b8e9775a.js HTTP/1.1" 200 221736 "http://localhost:5000/" "Mozilla/5.0 (Windows NT 10.0; Win64; x64) AppleWebKit/537.36 (KHTML, like Gecko) Chrome/84.0.4147.135 Safari/537.36" {"metadata":{"emulator":{"name":"hosting"},"message":"127.0.0.1 - - [02/Sep/2020:13:07:26 +0000] \"GET /main.c7b0edd66e03b8e9775a.js HTTP/1.1\" 200 221736 \"http://localhost:5000/\" \"Mozilla/5.0 (Windows NT 10.0; Win64; x64) AppleWebKit/537.36 (KHTML, like Gecko) Chrome/84.0.4147.135 Safari/537.36\""}}
[info] i  hosting: 127.0.0.1 - - [02/Sep/2020:13:07:26 +0000] "GET /favicon.ico HTTP/1.1" 200 948 "http://localhost:5000/" "Mozilla/5.0 (Windows NT 10.0; Win64; x64) AppleWebKit/537.36 (KHTML, like Gecko) Chrome/84.0.4147.135 Safari/537.36" {"metadata":{"emulator":{"name":"hosting"},"message":"127.0.0.1 - - [02/Sep/2020:13:07:26 +0000] \"GET /favicon.ico HTTP/1.1\" 200 948 \"http://localhost:5000/\" \"Mozilla/5.0 (Windows NT 10.0; Win64; x64) AppleWebKit/537.36 (KHTML, like Gecko) Chrome/84.0.4147.135 Safari/537.36\""}}
[debug] [2020-09-02T13:11:05.787Z] ----------------------------------------------------------------------
[debug] [2020-09-02T13:11:05.789Z] Command:       C:\Program Files\nodejs\node.exe C:\Users\Administrator\AppData\Roaming\npm\node_modules\firebase-tools\lib\bin\firebase.js serve
[debug] [2020-09-02T13:11:05.789Z] CLI Version:   8.9.2
[debug] [2020-09-02T13:11:05.789Z] Platform:      win32
[debug] [2020-09-02T13:11:05.789Z] Node Version:  v14.9.0
[debug] [2020-09-02T13:11:05.790Z] Time:          Wed Sep 02 2020 15:11:05 GMT+0200 (توقيت شرق أوروبا الرسمي)
[debug] [2020-09-02T13:11:05.790Z] ----------------------------------------------------------------------
[debug] [2020-09-02T13:11:05.790Z] 
[debug] [2020-09-02T13:11:05.797Z] > command requires scopes: ["email","openid","https://www.googleapis.com/auth/cloudplatformprojects.readonly","https://www.googleapis.com/auth/firebase","https://www.googleapis.com/auth/cloud-platform"]
[debug] [2020-09-02T13:11:05.797Z] > authorizing via signed-in user
[debug] [2020-09-02T13:11:05.797Z] [iam] checking project angulartestssr for permissions ["firebase.projects.get"]
[debug] [2020-09-02T13:11:05.800Z] >>> HTTP REQUEST POST https://cloudresourcemanager.googleapis.com/v1/projects/angulartestssr:testIamPermissions  
 {"permissions":["firebase.projects.get"]}
[debug] [2020-09-02T13:11:06.127Z] <<< HTTP RESPONSE 200 {"content-type":"application/json; charset=UTF-8","vary":"X-Origin, Referer, Origin,Accept-Encoding","date":"Wed, 02 Sep 2020 13:07:33 GMT","server":"ESF","cache-control":"private","x-xss-protection":"0","x-frame-options":"SAMEORIGIN","x-content-type-options":"nosniff","server-timing":"gfet4t7; dur=131","alt-svc":"h3-29=\":443\"; ma=2592000,h3-27=\":443\"; ma=2592000,h3-T051=\":443\"; ma=2592000,h3-T050=\":443\"; ma=2592000,h3-Q050=\":443\"; ma=2592000,h3-Q046=\":443\"; ma=2592000,h3-Q043=\":443\"; ma=2592000,quic=\":443\"; ma=2592000; v=\"46,43\"","accept-ranges":"none","transfer-encoding":"chunked"}
[debug] [2020-09-02T13:11:06.128Z] >>> HTTP REQUEST GET https://firebase.googleapis.com/v1beta1/projects/angulartestssr  
 
[debug] [2020-09-02T13:11:06.495Z] <<< HTTP RESPONSE 200 {"content-type":"application/json; charset=UTF-8","vary":"X-Origin, Referer, Origin,Accept-Encoding","date":"Wed, 02 Sep 2020 13:07:33 GMT","server":"ESF","cache-control":"private","x-xss-protection":"0","x-frame-options":"SAMEORIGIN","x-content-type-options":"nosniff","alt-svc":"h3-29=\":443\"; ma=2592000,h3-27=\":443\"; ma=2592000,h3-T051=\":443\"; ma=2592000,h3-T050=\":443\"; ma=2592000,h3-Q050=\":443\"; ma=2592000,h3-Q046=\":443\"; ma=2592000,h3-Q043=\":443\"; ma=2592000,quic=\":443\"; ma=2592000; v=\"46,43\"","accept-ranges":"none","transfer-encoding":"chunked"}
[info] 
[info] === Serving from 'D:\POC\AngularSSR\AngularSSR'...
[info] 
[debug] [2020-09-02T13:11:06.499Z] >>> HTTP REQUEST GET https://firebase.googleapis.com/v1beta1/projects/angulartestssr/webApps/-/config  
 
[warn] !  Your requested "node" version "10" doesn't match your global version "14" {"metadata":{"emulator":{"name":"functions"},"message":"Your requested \"node\" version \"10\" doesn't match your global version \"14\""}}
[debug] [2020-09-02T13:11:06.508Z] defaultcredentials: writing to file C:\Users\Administrator\AppData\Roaming\firebase\ahmedhssan89_gmail_com_application_default_credentials.json
[debug] [2020-09-02T13:11:06.510Z] Setting GAC to C:\Users\Administrator\AppData\Roaming\firebase\ahmedhssan89_gmail_com_application_default_credentials.json {"metadata":{"emulator":{"name":"functions"},"message":"Setting GAC to C:\\Users\\Administrator\\AppData\\Roaming\\firebase\\ahmedhssan89_gmail_com_application_default_credentials.json"}}
[debug] [2020-09-02T13:11:07.269Z] <<< HTTP RESPONSE 200 {"content-type":"application/json; charset=UTF-8","vary":"X-Origin, Referer, Origin,Accept-Encoding","date":"Wed, 02 Sep 2020 13:07:34 GMT","server":"ESF","cache-control":"private","x-xss-protection":"0","x-frame-options":"SAMEORIGIN","x-content-type-options":"nosniff","alt-svc":"h3-29=\":443\"; ma=2592000,h3-27=\":443\"; ma=2592000,h3-T051=\":443\"; ma=2592000,h3-T050=\":443\"; ma=2592000,h3-Q050=\":443\"; ma=2592000,h3-Q046=\":443\"; ma=2592000,h3-Q043=\":443\"; ma=2592000,quic=\":443\"; ma=2592000; v=\"46,43\"","accept-ranges":"none","transfer-encoding":"chunked"}
[info] i  functions: Watching "D:\POC\AngularSSR\AngularSSR\functions" for Cloud Functions... {"metadata":{"emulator":{"name":"functions"},"message":"Watching \"D:\\POC\\AngularSSR\\AngularSSR\\functions\" for Cloud Functions..."}}
[debug] [2020-09-02T13:11:07.297Z] [worker-pool] addWorker(~diagnostic~) {"metadata":{"emulator":{"name":"functions"},"message":"[worker-pool] addWorker(~diagnostic~)"}}
[debug] [2020-09-02T13:11:07.297Z] [worker-pool] Adding worker with key ~diagnostic~, total=1 {"metadata":{"emulator":{"name":"functions"},"message":"[worker-pool] Adding worker with key ~diagnostic~, total=1"}}
[debug] [2020-09-02T13:11:07.298Z] [worker-pool] submitWork(triggerId=) {"metadata":{"emulator":{"name":"functions"},"message":"[worker-pool] submitWork(triggerId=)"}}
[debug] [2020-09-02T13:11:07.298Z] [worker-~diagnostic~-c79d3311-f4e4-43ec-8e67-14ff34b2120c]: Assigning socketPath: \\?\pipe\D:\POC\AngularSSR\AngularSSR\functions\26080 {"metadata":{"emulator":{"name":"functions"},"message":"[worker-~diagnostic~-c79d3311-f4e4-43ec-8e67-14ff34b2120c]: Assigning socketPath: \\\\?\\pipe\\D:\\POC\\AngularSSR\\AngularSSR\\functions\\26080"}}
[debug] [2020-09-02T13:11:07.298Z] [worker-~diagnostic~-c79d3311-f4e4-43ec-8e67-14ff34b2120c]: BUSY {"metadata":{"emulator":{"name":"functions"},"message":"[worker-~diagnostic~-c79d3311-f4e4-43ec-8e67-14ff34b2120c]: BUSY"}}
[info] i  hosting: Serving hosting files from: dist/AngularSSR/browser {"metadata":{"emulator":{"name":"hosting"},"message":"Serving hosting files from: \u001b[1mdist/AngularSSR/browser\u001b[22m"}}
[info] +  hosting: Local server: http://localhost:5000 {"metadata":{"emulator":{"name":"hosting"},"message":"Local server: \u001b[4m\u001b[1mhttp://localhost:5000\u001b[22m\u001b[24m"}}
[debug] [2020-09-02T13:11:07.650Z] [runtime-status] [26080] Functions runtime initialized. {"cwd":"D:\\POC\\AngularSSR\\AngularSSR\\functions","node_version":"14.9.0"} {"metadata":{"emulator":{"name":"functions"},"message":"[runtime-status] [26080] Functions runtime initialized. {\"cwd\":\"D:\\\\POC\\\\AngularSSR\\\\AngularSSR\\\\functions\",\"node_version\":\"14.9.0\"}"}}
[debug] [2020-09-02T13:11:07.651Z] [runtime-status] [26080] Disabled runtime features: undefined {"metadata":{"emulator":{"name":"functions"},"message":"[runtime-status] [26080] Disabled runtime features: undefined"}}
[debug] [2020-09-02T13:11:07.654Z] [runtime-status] [26080] Resolved module firebase-admin {"declared":true,"installed":true,"version":"8.13.0","resolution":"D:\\POC\\AngularSSR\\AngularSSR\\functions\\node_modules\\firebase-admin\\lib\\index.js"} {"metadata":{"emulator":{"name":"functions"},"message":"[runtime-status] [26080] Resolved module firebase-admin {\"declared\":true,\"installed\":true,\"version\":\"8.13.0\",\"resolution\":\"D:\\\\POC\\\\AngularSSR\\\\AngularSSR\\\\functions\\\\node_modules\\\\firebase-admin\\\\lib\\\\index.js\"}"}}
[debug] [2020-09-02T13:11:07.655Z] [runtime-status] [26080] Resolved module firebase-functions {"declared":true,"installed":true,"version":"3.11.0","resolution":"D:\\POC\\AngularSSR\\AngularSSR\\functions\\node_modules\\firebase-functions\\lib\\index.js"} {"metadata":{"emulator":{"name":"functions"},"message":"[runtime-status] [26080] Resolved module firebase-functions {\"declared\":true,\"installed\":true,\"version\":\"3.11.0\",\"resolution\":\"D:\\\\POC\\\\AngularSSR\\\\AngularSSR\\\\functions\\\\node_modules\\\\firebase-functions\\\\lib\\\\index.js\"}"}}
[debug] [2020-09-02T13:11:07.656Z] [runtime-status] [26080] Resolved module firebase-functions {"declared":true,"installed":true,"version":"3.11.0","resolution":"D:\\POC\\AngularSSR\\AngularSSR\\functions\\node_modules\\firebase-functions\\lib\\index.js"} {"metadata":{"emulator":{"name":"functions"},"message":"[runtime-status] [26080] Resolved module firebase-functions {\"declared\":true,\"installed\":true,\"version\":\"3.11.0\",\"resolution\":\"D:\\\\POC\\\\AngularSSR\\\\AngularSSR\\\\functions\\\\node_modules\\\\firebase-functions\\\\lib\\\\index.js\"}"}}
[debug] [2020-09-02T13:11:07.658Z] [runtime-status] [26080] Outgoing network have been stubbed. [{"name":"http","status":"mocked"},{"name":"http","status":"mocked"},{"name":"https","status":"mocked"},{"name":"https","status":"mocked"},{"name":"net","status":"mocked"}] {"metadata":{"emulator":{"name":"functions"},"message":"[runtime-status] [26080] Outgoing network have been stubbed. [{\"name\":\"http\",\"status\":\"mocked\"},{\"name\":\"http\",\"status\":\"mocked\"},{\"name\":\"https\",\"status\":\"mocked\"},{\"name\":\"https\",\"status\":\"mocked\"},{\"name\":\"net\",\"status\":\"mocked\"}]"}}
[debug] [2020-09-02T13:11:07.658Z] [runtime-status] [26080] Resolved module firebase-functions {"declared":true,"installed":true,"version":"3.11.0","resolution":"D:\\POC\\AngularSSR\\AngularSSR\\functions\\node_modules\\firebase-functions\\lib\\index.js"} {"metadata":{"emulator":{"name":"functions"},"message":"[runtime-status] [26080] Resolved module firebase-functions {\"declared\":true,\"installed\":true,\"version\":\"3.11.0\",\"resolution\":\"D:\\\\POC\\\\AngularSSR\\\\AngularSSR\\\\functions\\\\node_modules\\\\firebase-functions\\\\lib\\\\index.js\"}"}}
[debug] [2020-09-02T13:11:07.696Z] [runtime-status] [26080] Checked functions.config() {"config":{}} {"metadata":{"emulator":{"name":"functions"},"message":"[runtime-status] [26080] Checked functions.config() {\"config\":{}}"}}
[debug] [2020-09-02T13:11:07.696Z] [runtime-status] [26080] firebase-functions has been stubbed. {"functionsResolution":{"declared":true,"installed":true,"version":"3.11.0","resolution":"D:\\POC\\AngularSSR\\AngularSSR\\functions\\node_modules\\firebase-functions\\lib\\index.js"}} {"metadata":{"emulator":{"name":"functions"},"message":"[runtime-status] [26080] firebase-functions has been stubbed. {\"functionsResolution\":{\"declared\":true,\"installed\":true,\"version\":\"3.11.0\",\"resolution\":\"D:\\\\POC\\\\AngularSSR\\\\AngularSSR\\\\functions\\\\node_modules\\\\firebase-functions\\\\lib\\\\index.js\"}}"}}
[debug] [2020-09-02T13:11:07.696Z] [runtime-status] [26080] Resolved module firebase-functions {"declared":true,"installed":true,"version":"3.11.0","resolution":"D:\\POC\\AngularSSR\\AngularSSR\\functions\\node_modules\\firebase-functions\\lib\\index.js"} {"metadata":{"emulator":{"name":"functions"},"message":"[runtime-status] [26080] Resolved module firebase-functions {\"declared\":true,\"installed\":true,\"version\":\"3.11.0\",\"resolution\":\"D:\\\\POC\\\\AngularSSR\\\\AngularSSR\\\\functions\\\\node_modules\\\\firebase-functions\\\\lib\\\\index.js\"}"}}
[debug] [2020-09-02T13:11:07.697Z] [runtime-status] [26080] Resolved module firebase-admin {"declared":true,"installed":true,"version":"8.13.0","resolution":"D:\\POC\\AngularSSR\\AngularSSR\\functions\\node_modules\\firebase-admin\\lib\\index.js"} {"metadata":{"emulator":{"name":"functions"},"message":"[runtime-status] [26080] Resolved module firebase-admin {\"declared\":true,\"installed\":true,\"version\":\"8.13.0\",\"resolution\":\"D:\\\\POC\\\\AngularSSR\\\\AngularSSR\\\\functions\\\\node_modules\\\\firebase-admin\\\\lib\\\\index.js\"}"}}
[debug] [2020-09-02T13:11:07.698Z] [runtime-status] [26080] Resolved module firebase-functions {"declared":true,"installed":true,"version":"3.11.0","resolution":"D:\\POC\\AngularSSR\\AngularSSR\\functions\\node_modules\\firebase-functions\\lib\\index.js"} {"metadata":{"emulator":{"name":"functions"},"message":"[runtime-status] [26080] Resolved module firebase-functions {\"declared\":true,\"installed\":true,\"version\":\"3.11.0\",\"resolution\":\"D:\\\\POC\\\\AngularSSR\\\\AngularSSR\\\\functions\\\\node_modules\\\\firebase-functions\\\\lib\\\\index.js\"}"}}
[debug] [2020-09-02T13:11:07.698Z] [runtime-status] [26080] firebase-admin has been stubbed. {"adminResolution":{"declared":true,"installed":true,"version":"8.13.0","resolution":"D:\\POC\\AngularSSR\\AngularSSR\\functions\\node_modules\\firebase-admin\\lib\\index.js"}} {"metadata":{"emulator":{"name":"functions"},"message":"[runtime-status] [26080] firebase-admin has been stubbed. {\"adminResolution\":{\"declared\":true,\"installed\":true,\"version\":\"8.13.0\",\"resolution\":\"D:\\\\POC\\\\AngularSSR\\\\AngularSSR\\\\functions\\\\node_modules\\\\firebase-admin\\\\lib\\\\index.js\"}}"}}
[warn] !  Error: Cannot find module 'D:\POC\AngularSSR\AngularSSR\functions/dist/AngularSSR/server'
Require stack:
- D:\POC\AngularSSR\AngularSSR\functions\lib\index.js
- C:\Users\Administrator\AppData\Roaming\npm\node_modules\firebase-tools\lib\emulator\functionsEmulatorRuntime.js
    at Function.Module._resolveFilename (internal/modules/cjs/loader.js:892:15)
    at Function.Module._load (internal/modules/cjs/loader.js:742:27)
    at Module.require (internal/modules/cjs/loader.js:964:19)
    at require (internal/modules/cjs/helpers.js:88:18)
    at Object.<anonymous> (D:\POC\AngularSSR\AngularSSR\functions\lib\index.js:13:19)
    at Module._compile (internal/modules/cjs/loader.js:1075:30)
    at Object.Module._extensions..js (internal/modules/cjs/loader.js:1096:10)
    at Module.load (internal/modules/cjs/loader.js:940:32)
    at Function.Module._load (internal/modules/cjs/loader.js:781:14)
    at Module.require (internal/modules/cjs/loader.js:964:19) {"metadata":{"emulator":{"name":"functions"},"message":"Error: Cannot find module 'D:\\POC\\AngularSSR\\AngularSSR\\functions/dist/AngularSSR/server'\nRequire stack:\n- D:\\POC\\AngularSSR\\AngularSSR\\functions\\lib\\index.js\n- C:\\Users\\Administrator\\AppData\\Roaming\\npm\\node_modules\\firebase-tools\\lib\\emulator\\functionsEmulatorRuntime.js\n    at Function.Module._resolveFilename (internal/modules/cjs/loader.js:892:15)\n    at Function.Module._load (internal/modules/cjs/loader.js:742:27)\n    at Module.require (internal/modules/cjs/loader.js:964:19)\n    at require (internal/modules/cjs/helpers.js:88:18)\n    at Object.<anonymous> (D:\\POC\\AngularSSR\\AngularSSR\\functions\\lib\\index.js:13:19)\n    at Module._compile (internal/modules/cjs/loader.js:1075:30)\n    at Object.Module._extensions..js (internal/modules/cjs/loader.js:1096:10)\n    at Module.load (internal/modules/cjs/loader.js:940:32)\n    at Function.Module._load (internal/modules/cjs/loader.js:781:14)\n    at Module.require (internal/modules/cjs/loader.js:964:19)"}}
[warn] !  We were unable to load your functions code. (see above)
   - It appears your code is written in Typescript, which must be compiled before emulation.
   - You may be able to run "npm run build" in your functions directory to resolve this. {"metadata":{"emulator":{"name":"functions"}}}
[debug] [2020-09-02T13:11:07.728Z] [worker-~diagnostic~-c79d3311-f4e4-43ec-8e67-14ff34b2120c]: exited {"metadata":{"emulator":{"name":"functions"},"message":"[worker-~diagnostic~-c79d3311-f4e4-43ec-8e67-14ff34b2120c]: exited"}}
[debug] [2020-09-02T13:11:07.728Z] [worker-~diagnostic~-c79d3311-f4e4-43ec-8e67-14ff34b2120c]: FINISHED {"metadata":{"emulator":{"name":"functions"},"message":"[worker-~diagnostic~-c79d3311-f4e4-43ec-8e67-14ff34b2120c]: FINISHED"}}
[info] i  hosting: 127.0.0.1 - - [02/Sep/2020:13:11:16 +0000] "GET / HTTP/1.1" 200 540 "-" "Mozilla/5.0 (Windows NT 10.0; Win64; x64) AppleWebKit/537.36 (KHTML, like Gecko) Chrome/84.0.4147.135 Safari/537.36" {"metadata":{"emulator":{"name":"hosting"},"message":"127.0.0.1 - - [02/Sep/2020:13:11:16 +0000] \"GET / HTTP/1.1\" 200 540 \"-\" \"Mozilla/5.0 (Windows NT 10.0; Win64; x64) AppleWebKit/537.36 (KHTML, like Gecko) Chrome/84.0.4147.135 Safari/537.36\""}}
[info] i  hosting: 127.0.0.1 - - [02/Sep/2020:13:11:16 +0000] "GET /styles.09e2c710755c8867a460.css HTTP/1.1" 200 - "http://localhost:5000/" "Mozilla/5.0 (Windows NT 10.0; Win64; x64) AppleWebKit/537.36 (KHTML, like Gecko) Chrome/84.0.4147.135 Safari/537.36" {"metadata":{"emulator":{"name":"hosting"},"message":"127.0.0.1 - - [02/Sep/2020:13:11:16 +0000] \"GET /styles.09e2c710755c8867a460.css HTTP/1.1\" 200 - \"http://localhost:5000/\" \"Mozilla/5.0 (Windows NT 10.0; Win64; x64) AppleWebKit/537.36 (KHTML, like Gecko) Chrome/84.0.4147.135 Safari/537.36\""}}
[info] i  hosting: 127.0.0.1 - - [02/Sep/2020:13:11:16 +0000] "GET /runtime.e227d1a0e31cbccbf8ec.js HTTP/1.1" 200 1485 "http://localhost:5000/" "Mozilla/5.0 (Windows NT 10.0; Win64; x64) AppleWebKit/537.36 (KHTML, like Gecko) Chrome/84.0.4147.135 Safari/537.36" {"metadata":{"emulator":{"name":"hosting"},"message":"127.0.0.1 - - [02/Sep/2020:13:11:16 +0000] \"GET /runtime.e227d1a0e31cbccbf8ec.js HTTP/1.1\" 200 1485 \"http://localhost:5000/\" \"Mozilla/5.0 (Windows NT 10.0; Win64; x64) AppleWebKit/537.36 (KHTML, like Gecko) Chrome/84.0.4147.135 Safari/537.36\""}}
[info] i  hosting: 127.0.0.1 - - [02/Sep/2020:13:11:16 +0000] "GET /polyfills.a4021de53358bb0fec14.js HTTP/1.1" 200 36993 "http://localhost:5000/" "Mozilla/5.0 (Windows NT 10.0; Win64; x64) AppleWebKit/537.36 (KHTML, like Gecko) Chrome/84.0.4147.135 Safari/537.36" {"metadata":{"emulator":{"name":"hosting"},"message":"127.0.0.1 - - [02/Sep/2020:13:11:16 +0000] \"GET /polyfills.a4021de53358bb0fec14.js HTTP/1.1\" 200 36993 \"http://localhost:5000/\" \"Mozilla/5.0 (Windows NT 10.0; Win64; x64) AppleWebKit/537.36 (KHTML, like Gecko) Chrome/84.0.4147.135 Safari/537.36\""}}
[info] i  hosting: 127.0.0.1 - - [02/Sep/2020:13:11:16 +0000] "GET /main.c7b0edd66e03b8e9775a.js HTTP/1.1" 200 221736 "http://localhost:5000/" "Mozilla/5.0 (Windows NT 10.0; Win64; x64) AppleWebKit/537.36 (KHTML, like Gecko) Chrome/84.0.4147.135 Safari/537.36" {"metadata":{"emulator":{"name":"hosting"},"message":"127.0.0.1 - - [02/Sep/2020:13:11:16 +0000] \"GET /main.c7b0edd66e03b8e9775a.js HTTP/1.1\" 200 221736 \"http://localhost:5000/\" \"Mozilla/5.0 (Windows NT 10.0; Win64; x64) AppleWebKit/537.36 (KHTML, like Gecko) Chrome/84.0.4147.135 Safari/537.36\""}}
